[debug] [2022-09-06T13:27:51.413Z] ----------------------------------------------------------------------
[debug] [2022-09-06T13:27:51.414Z] Command:       C:\Program Files\nodejs\node.exe C:\Users\popo6\AppData\Roaming\npm\node_modules\firebase-tools\lib\bin\firebase.js deploy --only hosting
[debug] [2022-09-06T13:27:51.415Z] CLI Version:   11.8.0
[debug] [2022-09-06T13:27:51.415Z] Platform:      win32
[debug] [2022-09-06T13:27:51.415Z] Node Version:  v16.15.1
[debug] [2022-09-06T13:27:51.416Z] Time:          Tue Sep 06 2022 22:27:51 GMT+0900 (日本標準時)
[debug] [2022-09-06T13:27:51.416Z] ----------------------------------------------------------------------
[debug] 
[debug] [2022-09-06T13:27:51.461Z] > command requires scopes: ["email","openid","https://www.googleapis.com/auth/cloudplatformprojects.readonly","https://www.googleapis.com/auth/firebase","https://www.googleapis.com/auth/cloud-platform"]
[debug] [2022-09-06T13:27:51.461Z] > authorizing via signed-in user (jounetsism@gmail.com)
[debug] [2022-09-06T13:27:51.461Z] [iam] checking project blog-44803 for permissions ["firebase.projects.get","firebasehosting.sites.update"]
[debug] [2022-09-06T13:27:51.463Z] >>> [apiv2][query] POST https://cloudresourcemanager.googleapis.com/v1/projects/blog-44803:testIamPermissions [none]
[debug] [2022-09-06T13:27:51.463Z] >>> [apiv2][(partial)header] POST https://cloudresourcemanager.googleapis.com/v1/projects/blog-44803:testIamPermissions x-goog-quota-user=projects/blog-44803
[debug] [2022-09-06T13:27:51.463Z] >>> [apiv2][body] POST https://cloudresourcemanager.googleapis.com/v1/projects/blog-44803:testIamPermissions {"permissions":["firebase.projects.get","firebasehosting.sites.update"]}
[debug] [2022-09-06T13:27:52.393Z] <<< [apiv2][status] POST https://cloudresourcemanager.googleapis.com/v1/projects/blog-44803:testIamPermissions 200
[debug] [2022-09-06T13:27:52.393Z] <<< [apiv2][body] POST https://cloudresourcemanager.googleapis.com/v1/projects/blog-44803:testIamPermissions {"permissions":["firebase.projects.get","firebasehosting.sites.update"]}
[debug] [2022-09-06T13:27:52.393Z] >>> [apiv2][query] GET https://firebase.googleapis.com/v1beta1/projects/blog-44803 [none]
[debug] [2022-09-06T13:27:53.470Z] <<< [apiv2][status] GET https://firebase.googleapis.com/v1beta1/projects/blog-44803 200
[debug] [2022-09-06T13:27:53.470Z] <<< [apiv2][body] GET https://firebase.googleapis.com/v1beta1/projects/blog-44803 {"projectId":"blog-44803","projectNumber":"967968428993","displayName":"blog","name":"projects/blog-44803","resources":{"hostingSite":"blog-44803"},"state":"ACTIVE","etag":"1_49041d74-05ba-4b43-93f0-71cd46504809"}
[info] 
[info] === Deploying to 'blog-44803'...
[info] 
[info] i  deploying hosting 
[debug] [2022-09-06T13:27:53.473Z] >>> [apiv2][query] GET https://firebase.googleapis.com/v1beta1/projects/blog-44803 [none]
[debug] [2022-09-06T13:27:54.442Z] <<< [apiv2][status] GET https://firebase.googleapis.com/v1beta1/projects/blog-44803 200
[debug] [2022-09-06T13:27:54.443Z] <<< [apiv2][body] GET https://firebase.googleapis.com/v1beta1/projects/blog-44803 {"projectId":"blog-44803","projectNumber":"967968428993","displayName":"blog","name":"projects/blog-44803","resources":{"hostingSite":"blog-44803"},"state":"ACTIVE","etag":"1_49041d74-05ba-4b43-93f0-71cd46504809"}
[debug] [2022-09-06T13:27:54.444Z] >>> [apiv2][query] POST https://firebasehosting.googleapis.com/v1beta1/projects/967968428993/sites/blog-44803/versions [none]
[debug] [2022-09-06T13:27:54.444Z] >>> [apiv2][body] POST https://firebasehosting.googleapis.com/v1beta1/projects/967968428993/sites/blog-44803/versions {"config":{},"labels":{"deployment-tool":"cli-firebase"}}
[debug] [2022-09-06T13:27:56.380Z] <<< [apiv2][status] POST https://firebasehosting.googleapis.com/v1beta1/projects/967968428993/sites/blog-44803/versions 200
[debug] [2022-09-06T13:27:56.380Z] <<< [apiv2][body] POST https://firebasehosting.googleapis.com/v1beta1/projects/967968428993/sites/blog-44803/versions {"name":"projects/967968428993/sites/blog-44803/versions/95facc10c0300fc6","status":"CREATED","config":{},"labels":{"deployment-tool":"cli-firebase"}}
[info] i  hosting[blog-44803]: beginning deploy... 
[info] i  hosting[blog-44803]: found 23 files in ./out 
[debug] [2022-09-06T13:27:56.392Z] [hosting] uploading with 200 concurrency
[debug] [2022-09-06T13:27:56.398Z] [hosting] hash cache [b3V0] stored for 23 files
[debug] [2022-09-06T13:27:56.399Z] [hosting][hash queue][FINAL] {"max":1,"min":0,"avg":0,"active":0,"complete":23,"success":23,"errored":0,"retried":0,"total":23,"elapsed":4}
[debug] [2022-09-06T13:27:56.399Z] >>> [apiv2][query] POST https://firebasehosting.googleapis.com/v1beta1/projects/967968428993/sites/blog-44803/versions/95facc10c0300fc6:populateFiles [none]
[debug] [2022-09-06T13:27:56.399Z] >>> [apiv2][body] POST https://firebasehosting.googleapis.com/v1beta1/projects/967968428993/sites/blog-44803/versions/95facc10c0300fc6:populateFiles {"files":{"/404.html":"d70f844e98b7b2f26cd6d2450c26f673679221df673dfc08e72d39d2f3b258ea","/favicon.ico":"43127f4210c52bcd0f30f291f1ee296ab41ddd1566905dc27fe1129e0175c8f1","/index.html":"91dc7795635d47ca08fd808d65ad432d26e8204df2ff6e8feb7edecb2ad5a86e","/vercel.svg":"addb1409a65d5b908722a90e27a4c53d11cfd5f15acb97fd24e7e6369c1485ae","/404/index.html":"d70f844e98b7b2f26cd6d2450c26f673679221df673dfc08e72d39d2f3b258ea","/blog/index.html":"3bb7b8ee80ad2692a09fca4daa03e965a6d6c1281e7a4e2d5670d3cbd6aecc5b","/components/list/map-list/index.html":"d5529201f837243c10e8ea793a9de1e34b7217095ba8f36cc663735ef8be73f4","/components/map/map/index.html":"ff91c6dfd8a9072a6323852295d887593b42fdabeea67f7391822885baae2321","/_next/static/chunks/framework-db825bd0b4ae01ef.js":"442f1600e005253901a90b4f4bc28748baa68608085bc9096783e37011f542fd","/_next/static/chunks/main-424107595f363128.js":"186096aca23213bb59f70a368fb0c0a91316dbf8654d0ca351c63acf23f6d2e7","/_next/static/chunks/polyfills-c67a75d1b6f99dc8.js":"94291e78be8a4f3b9af21c6dae21c20d76cadc33fe6b28d0ed6554e80060fb5c","/_next/static/chunks/webpack-7ee66019f7f6d30f.js":"b51dc5c5f921ee0f89148c3af54d980be57917437246414a231dea954d11d9fc","/_next/static/chunks/pages/blog-b88a6c1cf1efdff3.js":"5d5a433d94b00dd810cc05fdb4cfbb31adf36ba90992041158c97dc39158cdab","/_next/static/chunks/pages/index-3b90feaefda06b3c.js":"ca99e6efbcac83eb61f51b9b27c7e770596d569433b8e5095927e08566b9a488","/_next/static/chunks/pages/_app-0e6b46beaaa55ac1.js":"c3e821bb0df824463909a6ecfbaa4f22fc035c9facc5553e0ba89589c457f2c5","/_next/static/chunks/pages/_error-7397496ca01950b1.js":"38ee72bb0cf76427c27fdf2b9462986d119296886a01779c9171521b7ad766af","/_next/static/chunks/pages/components/list/map-list-b790cf73faacbe70.js":"90a73b4b5a059dd8885d72d160815254524ef1e677b56260cd96313c651797c8","/_next/static/chunks/pages/components/map/map-217a3b177e2b29d4.js":"cf12b9b9e5a1558021cfa43ee14b3315f8def80d8fd42b8bb51f550e05720cdc","/_next/static/CQOAxI1ZCb7jjc6ZI0kFF/_buildManifest.js":"c504dffd40d2daf62a0f758fe0e242ad5fd524838f328f82c38e82ad8c2fdd46","/_next/static/CQOAxI1ZCb7jjc6ZI0kFF/_ssgManifest.js":"2b34ccabe2b6e81d6d37822ac92f757479314e400eb2450012ddfeb6232ad993","/_next/static/css/5c592dd84f735072.css":"ce7847cf9612cc6460f6e3cdea39b59540241d488d4c6ad4d82f3355345b6ff6","/_next/static/css/ae0e3e027412e072.css":"7b1640857856c01f637665bf0d41396ed2125a6ec2e8f468a9b945aa77180d1e","/_next/static/css/f3d2bb6b442977c4.css":"3b4dd72ab9a6cdfdb501af435da65e0976dad8b757ff5b45c5232cbd72bc50fc"}}
[debug] [2022-09-06T13:27:57.620Z] <<< [apiv2][status] POST https://firebasehosting.googleapis.com/v1beta1/projects/967968428993/sites/blog-44803/versions/95facc10c0300fc6:populateFiles 200
[debug] [2022-09-06T13:27:57.621Z] <<< [apiv2][body] POST https://firebasehosting.googleapis.com/v1beta1/projects/967968428993/sites/blog-44803/versions/95facc10c0300fc6:populateFiles {"uploadUrl":"https://upload-firebasehosting.googleapis.com/upload/sites/blog-44803/versions/95facc10c0300fc6/files"}
[debug] [2022-09-06T13:27:57.621Z] [hosting][populate queue][FINAL] {"max":1224,"min":1224,"avg":1224,"active":0,"complete":1,"success":1,"errored":0,"retried":0,"total":1,"elapsed":1224}
[debug] [2022-09-06T13:27:57.621Z] [hosting] uploads queued: 0
[debug] [2022-09-06T13:27:57.621Z] [hosting][upload queue][FINAL] {"max":0,"min":9999999999,"avg":0,"active":0,"complete":0,"success":0,"errored":0,"retried":0,"total":0,"elapsed":1662470877621}
[info] +  hosting[blog-44803]: file upload complete 
[debug] [2022-09-06T13:27:57.622Z] [hosting] deploy completed after 1241ms
[debug] [2022-09-06T13:27:57.624Z] [
  {
    "config": {
      "public": "./out",
      "ignore": [
        "firebase.json",
        "**/.*",
        "**/node_modules/**"
      ],
      "site": "blog-44803"
    },
    "site": "blog-44803",
    "version": "projects/967968428993/sites/blog-44803/versions/95facc10c0300fc6"
  }
]
[info] i  hosting[blog-44803]: finalizing version... 
[debug] [2022-09-06T13:27:57.625Z] >>> [apiv2][query] PATCH https://firebasehosting.googleapis.com/v1beta1/projects/967968428993/sites/blog-44803/versions/95facc10c0300fc6 updateMask=status%2Cconfig
[debug] [2022-09-06T13:27:57.625Z] >>> [apiv2][body] PATCH https://firebasehosting.googleapis.com/v1beta1/projects/967968428993/sites/blog-44803/versions/95facc10c0300fc6 {"status":"FINALIZED","config":{}}
